2025-04-09 11:47:36 INFO: Nepoznata komponenta → APP
2025-04-09 11:48:48 INFO: Nepoznata komponenta → APP
2025-04-09 11:49:51 INFO: Nepoznata komponenta → APP
2025-04-09 11:51:15 INFO: Nepoznata komponenta → APP
2025-04-09 11:56:23 INFO: Nepoznata komponenta → APP
2025-04-09 11:56:53 INFO: Nepoznata komponenta → APP
2025-04-09 11:57:48 INFO: Nepoznata komponenta → APP
2025-04-09 11:47:29 INFO: DISK OK (30%)
2025-04-09 11:47:41 AKCIJA: DISK 100% → Snapshot sistema + upozorenje
2025-04-09 11:54:44 INFO: DISK OK (32%)
2025-04-09 11:55:15 AKCIJA: DISK 98% → Snapshot sistema + upozorenje
2025-04-09 11:56:10 INFO: DISK OK (30%)
2025-04-09 11:59:13 AKCIJA: DISK 100% → Snapshot sistema + upozorenje
2025-04-09 11:48:57 INFO: MEMORY OK (30%)
2025-04-09 11:51:31 INFO: MEMORY OK (30%)
2025-04-09 11:53:43 INFO: MEMORY OK (30%)
2025-04-09 11:55:32 INFO: MEMORY OK (33%)
2025-04-09 11:58:21 INFO: MEMORY OK (30%)
2025-04-09 11:47:17 INFO: CPU u zoni opterećenja (30%)
2025-04-09 11:48:28 AKCIJA: CPU 100% → Restartuj kritični servis
2025-04-09 11:50:15 INFO: CPU u zoni opterećenja (33%)
2025-04-09 11:55:26 AKCIJA: CPU 100% → Restartuj kritični servis
2025-04-09 11:56:55 AKCIJA: CPU 94% → Pauziraj non-kritične procese
