2025-04-09 11:46:19 [ERROR] APP: 41%
2025-04-09 11:46:20 [WARNING] DISK: 65%
2025-04-09 11:46:21 [INFO] MEMORY: 65%
2025-04-09 11:46:22 [INFO] MEMORY: 64%
2025-04-09 11:46:23 [INFO] APP: 69%
2025-04-09 11:46:24 [INFO] DISK: 84%
2025-04-09 11:46:25 [INFO] DISK: 31%
2025-04-09 11:46:26 [INFO] MEMORY: 35%
2025-04-09 11:46:27 [WARNING] APP: 91%
2025-04-09 11:46:28 [WARNING] DISK: 97%
2025-04-09 11:46:29 [INFO] DISK: 31%
2025-04-09 11:46:30 [INFO] MEMORY: 44%
2025-04-09 11:46:31 [INFO] APP: 52%
2025-04-09 11:46:32 [ERROR] DISK: 43%
2025-04-09 11:46:33 [INFO] DISK: 52%
2025-04-09 11:46:34 [INFO] DISK: 58%
2025-04-09 11:46:35 [ERROR] CPU: 86%
2025-04-09 11:46:36 [INFO] APP: 38%
2025-04-09 11:46:37 [INFO] APP: 84%
2025-04-09 11:46:38 [INFO] MEMORY: 98%
2025-04-09 11:46:39 [WARNING] DISK: 93%
2025-04-09 11:46:40 [INFO] MEMORY: 65%
2025-04-09 11:46:41 [INFO] CPU: 55%
2025-04-09 11:46:42 [INFO] MEMORY: 52%
2025-04-09 11:46:43 [ERROR] MEMORY: 52%
2025-04-09 11:46:44 [ERROR] CPU: 97%
2025-04-09 11:46:45 [INFO] APP: 85%
2025-04-09 11:46:46 [INFO] DISK: 87%
2025-04-09 11:46:47 [INFO] CPU: 82%
2025-04-09 11:46:48 [WARNING] APP: 61%
2025-04-09 11:46:49 [INFO] APP: 55%
2025-04-09 11:46:50 [INFO] CPU: 68%
2025-04-09 11:46:51 [INFO] CPU: 84%
2025-04-09 11:46:52 [WARNING] CPU: 51%
2025-04-09 11:46:53 [WARNING] MEMORY: 59%
2025-04-09 11:46:54 [INFO] DISK: 64%
2025-04-09 11:46:55 [INFO] MEMORY: 53%
2025-04-09 11:46:56 [INFO] MEMORY: 96%
2025-04-09 11:46:57 [INFO] MEMORY: 62%
2025-04-09 11:46:58 [INFO] CPU: 77%
2025-04-09 11:46:59 [WARNING] APP: 71%
2025-04-09 11:47:00 [INFO] DISK: 55%
2025-04-09 11:47:01 [INFO] DISK: 31%
2025-04-09 11:47:02 [INFO] CPU: 39%
2025-04-09 11:47:03 [INFO] CPU: 40%
2025-04-09 11:47:04 [INFO] DISK: 46%
2025-04-09 11:47:05 [WARNING] APP: 96%
2025-04-09 11:47:06 [WARNING] APP: 34%
2025-04-09 11:47:07 [INFO] MEMORY: 58%
2025-04-09 11:47:08 [INFO] DISK: 41%
2025-04-09 11:47:09 [ERROR] CPU: 85%
2025-04-09 11:47:10 [INFO] MEMORY: 61%
2025-04-09 11:47:11 [WARNING] CPU: 71%
2025-04-09 11:47:12 [INFO] DISK: 65%
2025-04-09 11:47:13 [WARNING] DISK: 72%
2025-04-09 11:47:14 [INFO] MEMORY: 63%
2025-04-09 11:47:15 [INFO] DISK: 61%
2025-04-09 11:47:16 [WARNING] APP: 58%
2025-04-09 11:47:17 [INFO] CPU: 30%
2025-04-09 11:47:18 [INFO] MEMORY: 53%
2025-04-09 11:47:19 [INFO] APP: 70%
2025-04-09 11:47:20 [INFO] CPU: 69%
2025-04-09 11:47:21 [WARNING] CPU: 53%
2025-04-09 11:47:22 [INFO] DISK: 73%
2025-04-09 11:47:23 [ERROR] CPU: 86%
2025-04-09 11:47:24 [INFO] CPU: 63%
2025-04-09 11:47:25 [WARNING] DISK: 37%
2025-04-09 11:47:26 [INFO] DISK: 50%
2025-04-09 11:47:27 [INFO] CPU: 70%
2025-04-09 11:47:28 [INFO] APP: 66%
2025-04-09 11:47:29 [INFO] DISK: 30%
2025-04-09 11:47:30 [INFO] MEMORY: 88%
2025-04-09 11:47:31 [INFO] APP: 85%
2025-04-09 11:47:32 [INFO] MEMORY: 46%
2025-04-09 11:47:33 [WARNING] MEMORY: 76%
2025-04-09 11:47:34 [WARNING] DISK: 37%
2025-04-09 11:47:35 [ERROR] MEMORY: 68%
2025-04-09 11:47:36 [INFO] APP: 30%
2025-04-09 11:47:37 [INFO] MEMORY: 50%
2025-04-09 11:47:38 [ERROR] MEMORY: 68%
2025-04-09 11:47:39 [INFO] CPU: 83%
2025-04-09 11:47:40 [INFO] DISK: 64%
2025-04-09 11:47:41 [WARNING] DISK: 100%
2025-04-09 11:47:42 [WARNING] MEMORY: 32%
2025-04-09 11:47:43 [INFO] MEMORY: 37%
2025-04-09 11:47:44 [INFO] DISK: 85%
2025-04-09 11:47:45 [WARNING] MEMORY: 32%
2025-04-09 11:47:46 [INFO] MEMORY: 34%
2025-04-09 11:47:47 [INFO] MEMORY: 32%
2025-04-09 11:47:48 [INFO] CPU: 35%
2025-04-09 11:47:49 [WARNING] CPU: 38%
2025-04-09 11:47:50 [INFO] APP: 97%
2025-04-09 11:47:51 [ERROR] MEMORY: 45%
2025-04-09 11:47:52 [WARNING] DISK: 74%
2025-04-09 11:47:53 [ERROR] CPU: 70%
2025-04-09 11:47:54 [INFO] APP: 100%
2025-04-09 11:47:55 [INFO] DISK: 56%
2025-04-09 11:47:56 [INFO] MEMORY: 92%
2025-04-09 11:47:57 [WARNING] DISK: 38%
2025-04-09 11:47:58 [INFO] CPU: 66%
2025-04-09 11:47:59 [ERROR] CPU: 91%
2025-04-09 11:48:00 [INFO] DISK: 64%
2025-04-09 11:48:01 [INFO] DISK: 36%
2025-04-09 11:48:02 [INFO] CPU: 66%
2025-04-09 11:48:03 [INFO] APP: 51%
2025-04-09 11:48:04 [INFO] MEMORY: 38%
2025-04-09 11:48:05 [INFO] DISK: 63%
2025-04-09 11:48:06 [INFO] DISK: 35%
2025-04-09 11:48:07 [INFO] MEMORY: 99%
2025-04-09 11:48:08 [WARNING] MEMORY: 41%
2025-04-09 11:48:09 [ERROR] APP: 88%
2025-04-09 11:48:10 [INFO] APP: 37%
2025-04-09 11:48:11 [INFO] APP: 64%
2025-04-09 11:48:12 [INFO] MEMORY: 42%
2025-04-09 11:48:13 [ERROR] CPU: 88%
2025-04-09 11:48:14 [INFO] DISK: 40%
2025-04-09 11:48:15 [INFO] DISK: 44%
2025-04-09 11:48:16 [ERROR] DISK: 45%
2025-04-09 11:48:17 [ERROR] APP: 46%
2025-04-09 11:48:18 [INFO] APP: 43%
2025-04-09 11:48:19 [WARNING] DISK: 65%
2025-04-09 11:48:20 [ERROR] CPU: 97%
2025-04-09 11:48:21 [INFO] CPU: 55%
2025-04-09 11:48:22 [INFO] DISK: 73%
2025-04-09 11:48:23 [WARNING] DISK: 67%
2025-04-09 11:48:24 [INFO] MEMORY: 41%
2025-04-09 11:48:25 [INFO] CPU: 46%
2025-04-09 11:48:26 [INFO] MEMORY: 72%
2025-04-09 11:48:27 [WARNING] APP: 49%
2025-04-09 11:48:28 [ERROR] CPU: 100%
2025-04-09 11:48:29 [INFO] MEMORY: 97%
2025-04-09 11:48:30 [INFO] MEMORY: 52%
2025-04-09 11:48:31 [INFO] MEMORY: 35%
2025-04-09 11:48:32 [INFO] MEMORY: 45%
2025-04-09 11:48:33 [WARNING] MEMORY: 50%
2025-04-09 11:48:34 [INFO] CPU: 62%
2025-04-09 11:48:35 [INFO] CPU: 37%
2025-04-09 11:48:36 [INFO] APP: 32%
2025-04-09 11:48:37 [ERROR] CPU: 87%
2025-04-09 11:48:38 [INFO] DISK: 61%
2025-04-09 11:48:39 [INFO] MEMORY: 31%
2025-04-09 11:48:40 [INFO] MEMORY: 81%
2025-04-09 11:48:41 [INFO] MEMORY: 86%
2025-04-09 11:48:42 [INFO] CPU: 51%
2025-04-09 11:48:43 [INFO] APP: 87%
2025-04-09 11:48:44 [INFO] DISK: 68%
2025-04-09 11:48:45 [INFO] CPU: 75%
2025-04-09 11:48:46 [WARNING] MEMORY: 55%
2025-04-09 11:48:47 [INFO] DISK: 46%
2025-04-09 11:48:48 [INFO] APP: 99%
2025-04-09 11:48:49 [WARNING] CPU: 40%
2025-04-09 11:48:50 [INFO] DISK: 81%
2025-04-09 11:48:51 [INFO] CPU: 58%
2025-04-09 11:48:52 [INFO] DISK: 90%
2025-04-09 11:48:53 [INFO] CPU: 40%
2025-04-09 11:48:54 [INFO] DISK: 33%
2025-04-09 11:48:55 [INFO] APP: 50%
2025-04-09 11:48:56 [INFO] CPU: 34%
2025-04-09 11:48:57 [INFO] MEMORY: 30%
2025-04-09 11:48:59 [INFO] DISK: 88%
2025-04-09 11:49:00 [WARNING] MEMORY: 78%
2025-04-09 11:49:01 [INFO] DISK: 71%
2025-04-09 11:49:02 [INFO] MEMORY: 81%
2025-04-09 11:49:03 [INFO] APP: 52%
2025-04-09 11:49:04 [INFO] CPU: 73%
2025-04-09 11:49:05 [WARNING] APP: 46%
2025-04-09 11:49:06 [ERROR] DISK: 54%
2025-04-09 11:49:07 [INFO] MEMORY: 45%
2025-04-09 11:49:08 [INFO] APP: 97%
2025-04-09 11:49:09 [WARNING] CPU: 53%
2025-04-09 11:49:10 [INFO] CPU: 63%
2025-04-09 11:49:11 [ERROR] APP: 84%
2025-04-09 11:49:12 [ERROR] APP: 46%
2025-04-09 11:49:13 [INFO] DISK: 76%
2025-04-09 11:49:14 [INFO] MEMORY: 90%
2025-04-09 11:49:15 [WARNING] MEMORY: 70%
2025-04-09 11:49:16 [WARNING] DISK: 95%
2025-04-09 11:49:17 [INFO] MEMORY: 100%
2025-04-09 11:49:18 [INFO] MEMORY: 89%
2025-04-09 11:49:19 [INFO] DISK: 39%
2025-04-09 11:49:20 [WARNING] MEMORY: 87%
2025-04-09 11:49:21 [WARNING] MEMORY: 62%
2025-04-09 11:49:22 [INFO] APP: 60%
2025-04-09 11:49:23 [INFO] MEMORY: 49%
2025-04-09 11:49:24 [INFO] APP: 37%
2025-04-09 11:49:25 [INFO] MEMORY: 36%
2025-04-09 11:49:26 [INFO] MEMORY: 35%
2025-04-09 11:49:27 [INFO] APP: 46%
2025-04-09 11:49:28 [ERROR] APP: 71%
2025-04-09 11:49:29 [INFO] CPU: 66%
2025-04-09 11:49:30 [INFO] MEMORY: 85%
2025-04-09 11:49:31 [INFO] DISK: 69%
2025-04-09 11:49:32 [ERROR] APP: 91%
2025-04-09 11:49:33 [INFO] MEMORY: 75%
2025-04-09 11:49:34 [WARNING] MEMORY: 41%
2025-04-09 11:49:35 [WARNING] MEMORY: 62%
2025-04-09 11:49:36 [INFO] APP: 56%
2025-04-09 11:49:37 [WARNING] MEMORY: 34%
2025-04-09 11:49:38 [INFO] DISK: 67%
2025-04-09 11:49:39 [ERROR] APP: 100%
2025-04-09 11:49:40 [INFO] MEMORY: 67%
2025-04-09 11:49:41 [INFO] MEMORY: 88%
2025-04-09 11:49:42 [ERROR] MEMORY: 70%
2025-04-09 11:49:43 [INFO] MEMORY: 66%
2025-04-09 11:49:44 [INFO] DISK: 64%
2025-04-09 11:49:45 [INFO] APP: 40%
2025-04-09 11:49:46 [WARNING] MEMORY: 85%
2025-04-09 11:49:47 [INFO] APP: 73%
2025-04-09 11:49:48 [INFO] MEMORY: 66%
2025-04-09 11:49:49 [INFO] APP: 81%
2025-04-09 11:49:50 [INFO] MEMORY: 50%
2025-04-09 11:49:51 [WARNING] APP: 30%
2025-04-09 11:49:52 [INFO] APP: 32%
2025-04-09 11:49:53 [INFO] DISK: 47%
2025-04-09 11:49:54 [WARNING] DISK: 83%
2025-04-09 11:49:55 [WARNING] APP: 65%
2025-04-09 11:49:56 [INFO] APP: 53%
2025-04-09 11:49:57 [INFO] APP: 86%
2025-04-09 11:49:58 [WARNING] MEMORY: 72%
2025-04-09 11:49:59 [INFO] CPU: 52%
2025-04-09 11:50:00 [INFO] APP: 37%
2025-04-09 11:50:01 [INFO] MEMORY: 86%
2025-04-09 11:50:02 [INFO] APP: 84%
2025-04-09 11:50:03 [WARNING] CPU: 57%
2025-04-09 11:50:04 [INFO] APP: 34%
2025-04-09 11:50:05 [INFO] APP: 95%
2025-04-09 11:50:06 [INFO] APP: 82%
2025-04-09 11:50:07 [INFO] CPU: 77%
2025-04-09 11:50:08 [INFO] APP: 68%
2025-04-09 11:50:09 [INFO] CPU: 31%
2025-04-09 11:50:10 [INFO] CPU: 52%
2025-04-09 11:50:11 [INFO] MEMORY: 31%
2025-04-09 11:50:12 [WARNING] DISK: 82%
2025-04-09 11:50:13 [INFO] MEMORY: 31%
2025-04-09 11:50:14 [INFO] DISK: 58%
2025-04-09 11:50:15 [ERROR] CPU: 33%
2025-04-09 11:50:16 [INFO] DISK: 66%
2025-04-09 11:50:17 [ERROR] CPU: 80%
2025-04-09 11:50:18 [WARNING] APP: 57%
2025-04-09 11:50:19 [INFO] APP: 96%
2025-04-09 11:50:20 [WARNING] APP: 97%
2025-04-09 11:50:21 [ERROR] CPU: 98%
2025-04-09 11:50:22 [ERROR] APP: 97%
2025-04-09 11:50:23 [INFO] APP: 55%
2025-04-09 11:50:24 [INFO] APP: 49%
2025-04-09 11:50:25 [ERROR] CPU: 42%
2025-04-09 11:50:26 [WARNING] CPU: 53%
2025-04-09 11:50:27 [WARNING] DISK: 55%
2025-04-09 11:50:28 [INFO] MEMORY: 87%
2025-04-09 11:50:29 [INFO] MEMORY: 57%
2025-04-09 11:50:30 [INFO] MEMORY: 68%
2025-04-09 11:50:31 [INFO] DISK: 40%
2025-04-09 11:50:32 [INFO] MEMORY: 38%
2025-04-09 11:50:33 [WARNING] DISK: 41%
2025-04-09 11:50:34 [INFO] MEMORY: 81%
2025-04-09 11:50:35 [ERROR] CPU: 90%
2025-04-09 11:50:36 [INFO] CPU: 79%
2025-04-09 11:50:37 [INFO] APP: 64%
2025-04-09 11:50:38 [WARNING] CPU: 32%
2025-04-09 11:50:39 [INFO] DISK: 73%
2025-04-09 11:50:40 [WARNING] DISK: 74%
2025-04-09 11:50:41 [INFO] APP: 94%
2025-04-09 11:50:42 [ERROR] CPU: 87%
2025-04-09 11:50:43 [ERROR] CPU: 89%
2025-04-09 11:50:44 [INFO] APP: 100%
2025-04-09 11:50:45 [WARNING] DISK: 61%
2025-04-09 11:50:46 [WARNING] APP: 41%
2025-04-09 11:50:47 [INFO] MEMORY: 89%
2025-04-09 11:50:48 [INFO] MEMORY: 32%
2025-04-09 11:50:49 [INFO] DISK: 35%
2025-04-09 11:50:50 [INFO] DISK: 82%
2025-04-09 11:50:51 [INFO] APP: 56%
2025-04-09 11:50:52 [INFO] CPU: 77%
2025-04-09 11:50:53 [ERROR] APP: 39%
2025-04-09 11:50:54 [WARNING] DISK: 62%
2025-04-09 11:50:55 [INFO] APP: 57%
2025-04-09 11:50:56 [WARNING] DISK: 92%
2025-04-09 11:50:57 [INFO] APP: 56%
2025-04-09 11:50:58 [INFO] DISK: 69%
2025-04-09 11:50:59 [INFO] APP: 95%
2025-04-09 11:51:00 [INFO] APP: 88%
2025-04-09 11:51:01 [INFO] DISK: 63%
2025-04-09 11:51:02 [INFO] APP: 48%
2025-04-09 11:51:03 [WARNING] MEMORY: 55%
2025-04-09 11:51:04 [WARNING] DISK: 46%
2025-04-09 11:51:05 [INFO] CPU: 73%
2025-04-09 11:51:06 [INFO] APP: 53%
2025-04-09 11:51:07 [WARNING] CPU: 59%
2025-04-09 11:51:08 [WARNING] DISK: 45%
2025-04-09 11:51:09 [INFO] APP: 34%
2025-04-09 11:51:10 [INFO] MEMORY: 38%
2025-04-09 11:51:11 [INFO] CPU: 76%
2025-04-09 11:51:12 [INFO] APP: 93%
2025-04-09 11:51:13 [INFO] DISK: 73%
2025-04-09 11:51:14 [INFO] APP: 40%
2025-04-09 11:51:15 [INFO] APP: 31%
2025-04-09 11:51:16 [WARNING] DISK: 94%
2025-04-09 11:51:17 [INFO] MEMORY: 78%
2025-04-09 11:51:18 [INFO] CPU: 31%
2025-04-09 11:51:19 [INFO] APP: 89%
2025-04-09 11:51:20 [WARNING] CPU: 74%
2025-04-09 11:51:21 [INFO] CPU: 58%
2025-04-09 11:51:22 [INFO] CPU: 47%
2025-04-09 11:51:23 [INFO] MEMORY: 83%
2025-04-09 11:51:24 [WARNING] MEMORY: 93%
2025-04-09 11:51:25 [INFO] CPU: 83%
2025-04-09 11:51:26 [INFO] MEMORY: 94%
2025-04-09 11:51:27 [INFO] DISK: 58%
2025-04-09 11:51:28 [WARNING] MEMORY: 99%
2025-04-09 11:51:29 [WARNING] MEMORY: 82%
2025-04-09 11:51:30 [INFO] MEMORY: 61%
2025-04-09 11:51:31 [INFO] MEMORY: 30%
2025-04-09 11:51:32 [INFO] MEMORY: 89%
2025-04-09 11:51:33 [ERROR] DISK: 76%
2025-04-09 11:51:34 [WARNING] DISK: 54%
2025-04-09 11:51:35 [INFO] APP: 95%
2025-04-09 11:51:36 [ERROR] CPU: 72%
2025-04-09 11:51:37 [INFO] CPU: 63%
2025-04-09 11:51:38 [WARNING] MEMORY: 94%
2025-04-09 11:51:39 [WARNING] APP: 52%
2025-04-09 11:51:40 [INFO] CPU: 47%
2025-04-09 11:51:41 [INFO] APP: 84%
2025-04-09 11:51:42 [ERROR] CPU: 90%
2025-04-09 11:51:43 [INFO] APP: 78%
2025-04-09 11:51:44 [INFO] CPU: 61%
2025-04-09 11:51:45 [ERROR] CPU: 39%
2025-04-09 11:51:46 [INFO] MEMORY: 61%
2025-04-09 11:51:47 [WARNING] MEMORY: 38%
2025-04-09 11:51:48 [INFO] APP: 70%
2025-04-09 11:51:49 [WARNING] DISK: 70%
2025-04-09 11:51:50 [INFO] CPU: 54%
2025-04-09 11:51:51 [INFO] APP: 64%
2025-04-09 11:51:52 [INFO] MEMORY: 78%
2025-04-09 11:51:53 [INFO] APP: 87%
2025-04-09 11:51:54 [INFO] DISK: 56%
2025-04-09 11:51:55 [INFO] DISK: 79%
2025-04-09 11:51:56 [INFO] APP: 47%
2025-04-09 11:51:57 [INFO] MEMORY: 44%
2025-04-09 11:51:58 [INFO] DISK: 63%
2025-04-09 11:51:59 [INFO] APP: 37%
2025-04-09 11:52:00 [WARNING] DISK: 84%
2025-04-09 11:52:01 [INFO] CPU: 40%
2025-04-09 11:52:02 [INFO] DISK: 51%
2025-04-09 11:52:03 [WARNING] DISK: 47%
2025-04-09 11:52:04 [ERROR] CPU: 89%
2025-04-09 11:52:05 [INFO] CPU: 74%
2025-04-09 11:52:06 [ERROR] APP: 70%
2025-04-09 11:52:07 [INFO] CPU: 41%
2025-04-09 11:52:08 [INFO] DISK: 69%
2025-04-09 11:52:09 [INFO] APP: 83%
2025-04-09 11:52:10 [INFO] CPU: 82%
2025-04-09 11:52:11 [WARNING] APP: 51%
2025-04-09 11:52:12 [WARNING] APP: 75%
2025-04-09 11:52:13 [INFO] DISK: 49%
2025-04-09 11:52:14 [WARNING] APP: 37%
2025-04-09 11:52:15 [INFO] CPU: 43%
2025-04-09 11:52:16 [WARNING] DISK: 82%
2025-04-09 11:52:17 [WARNING] DISK: 91%
2025-04-09 11:52:18 [INFO] DISK: 48%
2025-04-09 11:52:19 [ERROR] DISK: 90%
2025-04-09 11:52:20 [INFO] MEMORY: 73%
2025-04-09 11:52:21 [WARNING] DISK: 93%
2025-04-09 11:52:22 [WARNING] APP: 85%
2025-04-09 11:52:23 [INFO] MEMORY: 99%
2025-04-09 11:52:24 [INFO] CPU: 71%
2025-04-09 11:52:25 [INFO] MEMORY: 57%
2025-04-09 11:52:26 [WARNING] APP: 59%
2025-04-09 11:52:27 [INFO] APP: 100%
2025-04-09 11:52:28 [INFO] DISK: 57%
2025-04-09 11:52:29 [INFO] MEMORY: 46%
2025-04-09 11:52:30 [ERROR] MEMORY: 70%
2025-04-09 11:52:31 [ERROR] CPU: 51%
2025-04-09 11:52:32 [INFO] MEMORY: 64%
2025-04-09 11:52:33 [INFO] CPU: 79%
2025-04-09 11:52:34 [INFO] MEMORY: 84%
2025-04-09 11:52:35 [INFO] CPU: 76%
2025-04-09 11:52:36 [INFO] APP: 92%
2025-04-09 11:52:37 [INFO] CPU: 75%
2025-04-09 11:52:38 [WARNING] MEMORY: 54%
2025-04-09 11:52:39 [WARNING] MEMORY: 98%
2025-04-09 11:52:40 [INFO] CPU: 73%
2025-04-09 11:52:41 [INFO] MEMORY: 58%
2025-04-09 11:52:43 [WARNING] DISK: 54%
2025-04-09 11:52:44 [INFO] MEMORY: 51%
2025-04-09 11:52:45 [INFO] DISK: 60%
2025-04-09 11:52:46 [INFO] DISK: 69%
2025-04-09 11:52:47 [WARNING] CPU: 52%
2025-04-09 11:52:48 [INFO] MEMORY: 70%
2025-04-09 11:52:49 [ERROR] MEMORY: 94%
2025-04-09 11:52:50 [INFO] CPU: 78%
2025-04-09 11:52:51 [INFO] DISK: 84%
2025-04-09 11:52:52 [WARNING] DISK: 61%
2025-04-09 11:52:53 [INFO] MEMORY: 34%
2025-04-09 11:52:54 [INFO] DISK: 45%
2025-04-09 11:52:55 [INFO] DISK: 85%
2025-04-09 11:52:56 [INFO] CPU: 35%
2025-04-09 11:52:57 [INFO] CPU: 65%
2025-04-09 11:52:58 [WARNING] APP: 88%
2025-04-09 11:52:59 [WARNING] DISK: 94%
2025-04-09 11:53:00 [INFO] CPU: 60%
2025-04-09 11:53:01 [INFO] MEMORY: 88%
2025-04-09 11:53:02 [WARNING] MEMORY: 58%
2025-04-09 11:53:03 [WARNING] DISK: 94%
2025-04-09 11:53:04 [INFO] CPU: 31%
2025-04-09 11:53:05 [INFO] DISK: 52%
2025-04-09 11:53:06 [ERROR] MEMORY: 97%
2025-04-09 11:53:07 [WARNING] DISK: 75%
2025-04-09 11:53:08 [INFO] MEMORY: 61%
2025-04-09 11:53:09 [WARNING] DISK: 92%
2025-04-09 11:53:10 [INFO] CPU: 60%
2025-04-09 11:53:11 [INFO] DISK: 54%
2025-04-09 11:53:12 [INFO] CPU: 82%
2025-04-09 11:53:13 [INFO] DISK: 59%
2025-04-09 11:53:14 [INFO] APP: 93%
2025-04-09 11:53:15 [WARNING] DISK: 49%
2025-04-09 11:53:16 [WARNING] APP: 64%
2025-04-09 11:53:17 [WARNING] DISK: 97%
2025-04-09 11:53:18 [INFO] MEMORY: 67%
2025-04-09 11:53:19 [ERROR] CPU: 84%
2025-04-09 11:53:20 [INFO] MEMORY: 85%
2025-04-09 11:53:21 [INFO] CPU: 65%
2025-04-09 11:53:22 [INFO] CPU: 49%
2025-04-09 11:53:23 [INFO] MEMORY: 80%
2025-04-09 11:53:24 [WARNING] DISK: 43%
2025-04-09 11:53:25 [INFO] APP: 81%
2025-04-09 11:53:26 [WARNING] APP: 83%
2025-04-09 11:53:27 [INFO] DISK: 81%
2025-04-09 11:53:28 [INFO] MEMORY: 41%
2025-04-09 11:53:29 [INFO] CPU: 78%
2025-04-09 11:53:30 [WARNING] MEMORY: 69%
2025-04-09 11:53:31 [INFO] MEMORY: 97%
2025-04-09 11:53:32 [INFO] APP: 88%
2025-04-09 11:53:33 [INFO] CPU: 75%
2025-04-09 11:53:34 [INFO] DISK: 36%
2025-04-09 11:53:35 [INFO] MEMORY: 89%
2025-04-09 11:53:36 [WARNING] CPU: 50%
2025-04-09 11:53:37 [INFO] MEMORY: 100%
2025-04-09 11:53:38 [INFO] APP: 48%
2025-04-09 11:53:39 [WARNING] MEMORY: 69%
2025-04-09 11:53:40 [ERROR] DISK: 54%
2025-04-09 11:53:41 [INFO] APP: 69%
2025-04-09 11:53:42 [ERROR] DISK: 42%
2025-04-09 11:53:43 [INFO] MEMORY: 30%
2025-04-09 11:53:44 [INFO] DISK: 73%
2025-04-09 11:53:45 [INFO] DISK: 76%
2025-04-09 11:53:46 [INFO] DISK: 83%
2025-04-09 11:53:47 [INFO] APP: 82%
2025-04-09 11:53:48 [ERROR] CPU: 99%
2025-04-09 11:53:49 [INFO] APP: 86%
2025-04-09 11:53:50 [ERROR] CPU: 64%
2025-04-09 11:53:51 [ERROR] CPU: 93%
2025-04-09 11:53:52 [INFO] CPU: 67%
2025-04-09 11:53:53 [INFO] APP: 58%
2025-04-09 11:53:54 [INFO] CPU: 53%
2025-04-09 11:53:55 [ERROR] CPU: 98%
2025-04-09 11:53:56 [INFO] MEMORY: 66%
2025-04-09 11:53:57 [INFO] APP: 60%
2025-04-09 11:53:58 [ERROR] MEMORY: 74%
2025-04-09 11:53:59 [INFO] APP: 54%
2025-04-09 11:54:00 [INFO] CPU: 77%
2025-04-09 11:54:01 [INFO] CPU: 49%
2025-04-09 11:54:02 [WARNING] APP: 32%
2025-04-09 11:54:03 [INFO] APP: 72%
2025-04-09 11:54:04 [WARNING] APP: 75%
2025-04-09 11:54:05 [INFO] DISK: 40%
2025-04-09 11:54:06 [INFO] CPU: 35%
2025-04-09 11:54:07 [INFO] CPU: 70%
2025-04-09 11:54:08 [INFO] APP: 87%
2025-04-09 11:54:09 [INFO] DISK: 40%
2025-04-09 11:54:10 [INFO] CPU: 67%
2025-04-09 11:54:11 [INFO] MEMORY: 95%
2025-04-09 11:54:12 [INFO] CPU: 81%
2025-04-09 11:54:13 [INFO] MEMORY: 50%
2025-04-09 11:54:14 [WARNING] APP: 54%
2025-04-09 11:54:15 [INFO] MEMORY: 51%
2025-04-09 11:54:16 [ERROR] APP: 57%
2025-04-09 11:54:17 [WARNING] DISK: 36%
2025-04-09 11:54:18 [WARNING] MEMORY: 41%
2025-04-09 11:54:19 [ERROR] MEMORY: 93%
2025-04-09 11:54:20 [INFO] MEMORY: 54%
2025-04-09 11:54:21 [INFO] CPU: 61%
2025-04-09 11:54:22 [INFO] DISK: 54%
2025-04-09 11:54:23 [ERROR] CPU: 96%
2025-04-09 11:54:24 [INFO] MEMORY: 100%
2025-04-09 11:54:25 [WARNING] MEMORY: 53%
2025-04-09 11:54:26 [WARNING] CPU: 81%
2025-04-09 11:54:27 [INFO] APP: 59%
2025-04-09 11:54:28 [ERROR] CPU: 95%
2025-04-09 11:54:29 [WARNING] DISK: 81%
2025-04-09 11:54:30 [ERROR] MEMORY: 86%
2025-04-09 11:54:31 [WARNING] MEMORY: 31%
2025-04-09 11:54:32 [INFO] MEMORY: 97%
2025-04-09 11:54:33 [INFO] APP: 63%
2025-04-09 11:54:34 [INFO] DISK: 70%
2025-04-09 11:54:35 [ERROR] MEMORY: 47%
2025-04-09 11:54:36 [WARNING] DISK: 99%
2025-04-09 11:54:37 [INFO] DISK: 36%
2025-04-09 11:54:38 [INFO] MEMORY: 96%
2025-04-09 11:54:39 [WARNING] MEMORY: 89%
2025-04-09 11:54:40 [INFO] DISK: 72%
2025-04-09 11:54:41 [INFO] APP: 69%
2025-04-09 11:54:42 [INFO] MEMORY: 57%
2025-04-09 11:54:43 [INFO] CPU: 56%
2025-04-09 11:54:44 [INFO] DISK: 32%
2025-04-09 11:54:45 [INFO] APP: 56%
2025-04-09 11:54:46 [INFO] MEMORY: 94%
2025-04-09 11:54:47 [WARNING] DISK: 33%
2025-04-09 11:54:48 [INFO] APP: 62%
2025-04-09 11:54:49 [INFO] APP: 45%
2025-04-09 11:54:50 [ERROR] APP: 89%
2025-04-09 11:54:51 [INFO] APP: 38%
2025-04-09 11:54:52 [INFO] MEMORY: 40%
2025-04-09 11:54:53 [INFO] DISK: 46%
2025-04-09 11:54:54 [INFO] MEMORY: 36%
2025-04-09 11:54:55 [INFO] DISK: 36%
2025-04-09 11:54:56 [WARNING] DISK: 94%
2025-04-09 11:54:57 [WARNING] APP: 71%
2025-04-09 11:54:58 [WARNING] CPU: 78%
2025-04-09 11:54:59 [INFO] MEMORY: 93%
2025-04-09 11:55:00 [INFO] CPU: 62%
2025-04-09 11:55:01 [INFO] CPU: 81%
2025-04-09 11:55:02 [INFO] DISK: 63%
2025-04-09 11:55:03 [INFO] APP: 69%
2025-04-09 11:55:04 [INFO] MEMORY: 76%
2025-04-09 11:55:05 [INFO] DISK: 82%
2025-04-09 11:55:06 [WARNING] CPU: 62%
2025-04-09 11:55:07 [WARNING] MEMORY: 77%
2025-04-09 11:55:08 [INFO] CPU: 59%
2025-04-09 11:55:09 [INFO] MEMORY: 73%
2025-04-09 11:55:10 [INFO] APP: 81%
2025-04-09 11:55:11 [INFO] MEMORY: 39%
2025-04-09 11:55:12 [WARNING] APP: 89%
2025-04-09 11:55:13 [INFO] APP: 57%
2025-04-09 11:55:14 [INFO] APP: 63%
2025-04-09 11:55:15 [WARNING] DISK: 98%
2025-04-09 11:55:16 [INFO] MEMORY: 46%
2025-04-09 11:55:17 [INFO] MEMORY: 65%
2025-04-09 11:55:18 [INFO] DISK: 58%
2025-04-09 11:55:19 [WARNING] MEMORY: 89%
2025-04-09 11:55:20 [INFO] MEMORY: 100%
2025-04-09 11:55:21 [INFO] DISK: 39%
2025-04-09 11:55:22 [INFO] APP: 83%
2025-04-09 11:55:23 [ERROR] CPU: 62%
2025-04-09 11:55:24 [INFO] DISK: 37%
2025-04-09 11:55:25 [ERROR] CPU: 98%
2025-04-09 11:55:26 [ERROR] CPU: 100%
2025-04-09 11:55:27 [INFO] CPU: 46%
2025-04-09 11:55:28 [INFO] MEMORY: 54%
2025-04-09 11:55:29 [INFO] DISK: 35%
2025-04-09 11:55:30 [WARNING] APP: 58%
2025-04-09 11:55:31 [INFO] APP: 34%
2025-04-09 11:55:32 [INFO] MEMORY: 33%
2025-04-09 11:55:33 [INFO] CPU: 52%
2025-04-09 11:55:34 [INFO] MEMORY: 91%
2025-04-09 11:55:35 [WARNING] MEMORY: 89%
2025-04-09 11:55:36 [INFO] CPU: 76%
2025-04-09 11:55:37 [INFO] MEMORY: 63%
2025-04-09 11:55:38 [INFO] CPU: 44%
2025-04-09 11:55:39 [INFO] CPU: 84%
2025-04-09 11:55:40 [INFO] DISK: 53%
2025-04-09 11:55:41 [ERROR] MEMORY: 34%
2025-04-09 11:55:42 [INFO] MEMORY: 43%
2025-04-09 11:55:43 [INFO] DISK: 87%
2025-04-09 11:55:44 [WARNING] CPU: 49%
2025-04-09 11:55:45 [ERROR] DISK: 59%
2025-04-09 11:55:46 [ERROR] MEMORY: 56%
2025-04-09 11:55:47 [ERROR] DISK: 46%
2025-04-09 11:55:48 [INFO] APP: 98%
2025-04-09 11:55:49 [INFO] DISK: 83%
2025-04-09 11:55:50 [INFO] APP: 58%
2025-04-09 11:55:51 [INFO] DISK: 54%
2025-04-09 11:55:52 [INFO] APP: 90%
2025-04-09 11:55:53 [WARNING] DISK: 94%
2025-04-09 11:55:54 [INFO] MEMORY: 37%
2025-04-09 11:55:55 [INFO] APP: 60%
2025-04-09 11:55:56 [INFO] MEMORY: 99%
2025-04-09 11:55:57 [WARNING] CPU: 51%
2025-04-09 11:55:58 [INFO] APP: 35%
2025-04-09 11:55:59 [WARNING] DISK: 75%
2025-04-09 11:56:00 [INFO] CPU: 47%
2025-04-09 11:56:01 [INFO] APP: 97%
2025-04-09 11:56:02 [WARNING] MEMORY: 51%
2025-04-09 11:56:03 [WARNING] MEMORY: 84%
2025-04-09 11:56:04 [INFO] MEMORY: 59%
2025-04-09 11:56:05 [WARNING] DISK: 46%
2025-04-09 11:56:06 [WARNING] DISK: 66%
2025-04-09 11:56:07 [WARNING] CPU: 35%
2025-04-09 11:56:08 [INFO] APP: 66%
2025-04-09 11:56:10 [INFO] DISK: 30%
2025-04-09 11:56:11 [INFO] CPU: 59%
2025-04-09 11:56:12 [INFO] CPU: 69%
2025-04-09 11:56:13 [INFO] APP: 82%
2025-04-09 11:56:14 [WARNING] CPU: 48%
2025-04-09 11:56:15 [INFO] DISK: 74%
2025-04-09 11:56:16 [ERROR] CPU: 97%
2025-04-09 11:56:17 [WARNING] DISK: 64%
2025-04-09 11:56:18 [WARNING] CPU: 84%
2025-04-09 11:56:19 [INFO] APP: 61%
2025-04-09 11:56:20 [INFO] CPU: 37%
2025-04-09 11:56:21 [INFO] DISK: 71%
2025-04-09 11:56:22 [INFO] CPU: 50%
2025-04-09 11:56:23 [INFO] APP: 30%
2025-04-09 11:56:24 [INFO] MEMORY: 39%
2025-04-09 11:56:25 [INFO] APP: 63%
2025-04-09 11:56:26 [WARNING] APP: 98%
2025-04-09 11:56:27 [INFO] MEMORY: 47%
2025-04-09 11:56:28 [INFO] CPU: 48%
2025-04-09 11:56:29 [INFO] APP: 55%
2025-04-09 11:56:30 [ERROR] CPU: 93%
2025-04-09 11:56:31 [INFO] MEMORY: 56%
2025-04-09 11:56:32 [WARNING] MEMORY: 51%
2025-04-09 11:56:33 [INFO] DISK: 66%
2025-04-09 11:56:34 [INFO] MEMORY: 84%
2025-04-09 11:56:35 [WARNING] CPU: 75%
2025-04-09 11:56:36 [INFO] CPU: 85%
2025-04-09 11:56:37 [WARNING] APP: 59%
2025-04-09 11:56:38 [INFO] DISK: 46%
2025-04-09 11:56:39 [INFO] DISK: 75%
2025-04-09 11:56:40 [INFO] APP: 81%
2025-04-09 11:56:41 [WARNING] MEMORY: 71%
2025-04-09 11:56:42 [INFO] MEMORY: 56%
2025-04-09 11:56:43 [ERROR] DISK: 61%
2025-04-09 11:56:44 [INFO] MEMORY: 87%
2025-04-09 11:56:45 [INFO] APP: 81%
2025-04-09 11:56:46 [INFO] CPU: 75%
2025-04-09 11:56:47 [WARNING] DISK: 97%
2025-04-09 11:56:48 [WARNING] MEMORY: 65%
2025-04-09 11:56:49 [INFO] MEMORY: 34%
2025-04-09 11:56:50 [ERROR] CPU: 86%
2025-04-09 11:56:51 [INFO] DISK: 86%
2025-04-09 11:56:52 [INFO] CPU: 78%
2025-04-09 11:56:53 [INFO] APP: 33%
2025-04-09 11:56:54 [INFO] DISK: 45%
2025-04-09 11:56:55 [ERROR] CPU: 94%
2025-04-09 11:56:56 [WARNING] APP: 39%
2025-04-09 11:56:57 [INFO] MEMORY: 64%
2025-04-09 11:56:58 [INFO] MEMORY: 96%
2025-04-09 11:56:59 [INFO] CPU: 53%
2025-04-09 11:57:00 [INFO] MEMORY: 49%
2025-04-09 11:57:01 [INFO] APP: 52%
2025-04-09 11:57:02 [WARNING] APP: 42%
2025-04-09 11:57:03 [WARNING] DISK: 54%
2025-04-09 11:57:04 [WARNING] APP: 68%
2025-04-09 11:57:05 [ERROR] APP: 92%
2025-04-09 11:57:06 [ERROR] MEMORY: 50%
2025-04-09 11:57:07 [WARNING] DISK: 94%
2025-04-09 11:57:08 [WARNING] MEMORY: 47%
2025-04-09 11:57:09 [INFO] DISK: 79%
2025-04-09 11:57:10 [INFO] MEMORY: 38%
2025-04-09 11:57:11 [WARNING] DISK: 96%
2025-04-09 11:57:12 [INFO] DISK: 35%
2025-04-09 11:57:13 [INFO] APP: 72%
2025-04-09 11:57:14 [ERROR] MEMORY: 96%
2025-04-09 11:57:15 [INFO] APP: 37%
2025-04-09 11:57:16 [INFO] MEMORY: 55%
2025-04-09 11:57:17 [INFO] APP: 85%
2025-04-09 11:57:18 [INFO] MEMORY: 79%
2025-04-09 11:57:19 [WARNING] DISK: 99%
2025-04-09 11:57:20 [INFO] DISK: 47%
2025-04-09 11:57:21 [INFO] APP: 88%
2025-04-09 11:57:22 [INFO] APP: 51%
2025-04-09 11:57:23 [INFO] CPU: 51%
2025-04-09 11:57:24 [WARNING] APP: 97%
2025-04-09 11:57:25 [WARNING] MEMORY: 73%
2025-04-09 11:57:26 [WARNING] MEMORY: 38%
2025-04-09 11:57:27 [INFO] APP: 55%
2025-04-09 11:57:28 [INFO] CPU: 40%
2025-04-09 11:57:29 [INFO] APP: 63%
2025-04-09 11:57:30 [WARNING] APP: 63%
2025-04-09 11:57:31 [WARNING] DISK: 80%
2025-04-09 11:57:32 [INFO] MEMORY: 58%
2025-04-09 11:57:33 [WARNING] MEMORY: 35%
2025-04-09 11:57:34 [WARNING] APP: 51%
2025-04-09 11:57:35 [WARNING] MEMORY: 95%
2025-04-09 11:57:36 [INFO] CPU: 77%
2025-04-09 11:57:37 [ERROR] CPU: 88%
2025-04-09 11:57:38 [INFO] APP: 72%
2025-04-09 11:57:39 [INFO] DISK: 36%
2025-04-09 11:57:40 [INFO] APP: 75%
2025-04-09 11:57:41 [INFO] CPU: 34%
2025-04-09 11:57:42 [INFO] APP: 77%
2025-04-09 11:57:43 [INFO] DISK: 63%
2025-04-09 11:57:44 [INFO] APP: 59%
2025-04-09 11:57:45 [INFO] MEMORY: 54%
2025-04-09 11:57:46 [INFO] APP: 62%
2025-04-09 11:57:47 [INFO] DISK: 44%
2025-04-09 11:57:48 [WARNING] APP: 30%
2025-04-09 11:57:49 [INFO] DISK: 81%
2025-04-09 11:57:50 [INFO] APP: 94%
2025-04-09 11:57:51 [INFO] DISK: 76%
2025-04-09 11:57:52 [INFO] MEMORY: 96%
2025-04-09 11:57:53 [WARNING] MEMORY: 70%
2025-04-09 11:57:54 [INFO] APP: 48%
2025-04-09 11:57:55 [INFO] MEMORY: 45%
2025-04-09 11:57:56 [INFO] DISK: 41%
2025-04-09 11:57:57 [INFO] APP: 82%
2025-04-09 11:57:58 [INFO] DISK: 84%
2025-04-09 11:57:59 [ERROR] CPU: 86%
2025-04-09 11:58:00 [INFO] DISK: 62%
2025-04-09 11:58:01 [INFO] APP: 63%
2025-04-09 11:58:02 [INFO] CPU: 84%
2025-04-09 11:58:03 [INFO] MEMORY: 55%
2025-04-09 11:58:04 [INFO] DISK: 86%
2025-04-09 11:58:05 [WARNING] DISK: 84%
2025-04-09 11:58:06 [INFO] CPU: 64%
2025-04-09 11:58:07 [WARNING] MEMORY: 47%
2025-04-09 11:58:08 [ERROR] MEMORY: 83%
2025-04-09 11:58:09 [INFO] MEMORY: 72%
2025-04-09 11:58:10 [INFO] APP: 35%
2025-04-09 11:58:11 [INFO] DISK: 51%
2025-04-09 11:58:12 [INFO] APP: 69%
2025-04-09 11:58:13 [WARNING] MEMORY: 32%
2025-04-09 11:58:14 [INFO] CPU: 82%
2025-04-09 11:58:15 [INFO] DISK: 68%
2025-04-09 11:58:16 [INFO] APP: 54%
2025-04-09 11:58:17 [INFO] DISK: 58%
2025-04-09 11:58:18 [ERROR] APP: 50%
2025-04-09 11:58:19 [INFO] CPU: 32%
2025-04-09 11:58:20 [INFO] APP: 57%
2025-04-09 11:58:21 [WARNING] MEMORY: 30%
2025-04-09 11:58:22 [WARNING] APP: 52%
2025-04-09 11:58:23 [ERROR] CPU: 99%
2025-04-09 11:58:24 [INFO] CPU: 74%
2025-04-09 11:58:25 [WARNING] APP: 65%
2025-04-09 11:58:26 [INFO] APP: 38%
2025-04-09 11:58:27 [INFO] APP: 87%
2025-04-09 11:58:28 [INFO] MEMORY: 66%
2025-04-09 11:58:29 [INFO] DISK: 58%
2025-04-09 11:58:30 [INFO] CPU: 60%
2025-04-09 11:58:31 [INFO] DISK: 57%
2025-04-09 11:58:32 [INFO] MEMORY: 53%
2025-04-09 11:58:33 [INFO] APP: 47%
2025-04-09 11:58:34 [INFO] MEMORY: 95%
2025-04-09 11:58:35 [INFO] MEMORY: 81%
2025-04-09 11:58:36 [INFO] APP: 57%
2025-04-09 11:58:37 [INFO] APP: 94%
2025-04-09 11:58:38 [INFO] MEMORY: 93%
2025-04-09 11:58:39 [ERROR] CPU: 99%
2025-04-09 11:58:40 [INFO] CPU: 49%
2025-04-09 11:58:41 [WARNING] MEMORY: 62%
2025-04-09 11:58:42 [INFO] APP: 97%
2025-04-09 11:58:43 [INFO] CPU: 47%
2025-04-09 11:58:44 [INFO] APP: 85%
2025-04-09 11:58:45 [WARNING] CPU: 51%
2025-04-09 11:58:46 [INFO] DISK: 57%
2025-04-09 11:58:47 [INFO] MEMORY: 87%
2025-04-09 11:58:48 [ERROR] MEMORY: 87%
2025-04-09 11:58:49 [INFO] MEMORY: 54%
2025-04-09 11:58:50 [ERROR] MEMORY: 55%
2025-04-09 11:58:51 [INFO] MEMORY: 83%
2025-04-09 11:58:52 [INFO] MEMORY: 77%
2025-04-09 11:58:53 [INFO] MEMORY: 49%
2025-04-09 11:58:54 [INFO] CPU: 56%
2025-04-09 11:58:55 [INFO] MEMORY: 46%
2025-04-09 11:58:56 [ERROR] APP: 49%
2025-04-09 11:58:57 [INFO] CPU: 70%
2025-04-09 11:58:58 [ERROR] CPU: 99%
2025-04-09 11:58:59 [INFO] MEMORY: 67%
2025-04-09 11:59:00 [ERROR] DISK: 36%
2025-04-09 11:59:01 [ERROR] MEMORY: 97%
2025-04-09 11:59:02 [INFO] APP: 38%
2025-04-09 11:59:03 [INFO] CPU: 76%
2025-04-09 11:59:04 [WARNING] DISK: 91%
2025-04-09 11:59:05 [INFO] CPU: 77%
2025-04-09 11:59:06 [INFO] APP: 35%
2025-04-09 11:59:07 [INFO] DISK: 89%
2025-04-09 11:59:08 [WARNING] MEMORY: 78%
2025-04-09 11:59:09 [INFO] MEMORY: 42%
2025-04-09 11:59:10 [WARNING] APP: 34%
2025-04-09 11:59:11 [WARNING] DISK: 96%
2025-04-09 11:59:12 [INFO] MEMORY: 78%
2025-04-09 11:59:13 [WARNING] DISK: 100%
2025-04-09 11:59:14 [INFO] APP: 40%
2025-04-09 11:59:15 [INFO] APP: 59%
2025-04-09 11:59:16 [INFO] APP: 82%
2025-04-09 11:59:17 [INFO] CPU: 81%
2025-04-09 11:59:18 [INFO] APP: 70%
2025-04-09 11:59:19 [INFO] DISK: 65%
2025-04-09 11:59:20 [ERROR] CPU: 96%
2025-04-09 11:59:21 [INFO] MEMORY: 84%
2025-04-09 11:59:22 [WARNING] DISK: 74%
2025-04-09 11:59:23 [INFO] MEMORY: 61%
2025-04-09 11:59:24 [WARNING] DISK: 91%
2025-04-09 11:59:25 [INFO] DISK: 51%
2025-04-09 11:59:26 [INFO] MEMORY: 70%
2025-04-09 11:59:27 [INFO] MEMORY: 80%
2025-04-09 11:59:28 [INFO] MEMORY: 91%
2025-04-09 11:59:29 [INFO] MEMORY: 88%
2025-04-09 11:59:30 [WARNING] DISK: 83%
2025-04-09 11:59:31 [INFO] APP: 80%
2025-04-09 11:59:32 [INFO] APP: 79%
2025-04-09 11:59:33 [WARNING] CPU: 37%
2025-04-09 11:59:34 [INFO] DISK: 67%
2025-04-09 11:59:35 [ERROR] MEMORY: 42%
2025-04-09 11:59:36 [INFO] CPU: 81%
2025-04-09 11:59:37 [ERROR] CPU: 90%
2025-04-09 11:59:38 [ERROR] CPU: 93%
2025-04-09 11:59:39 [WARNING] CPU: 37%
2025-04-09 11:59:40 [WARNING] APP: 100%
2025-04-09 11:59:41 [INFO] DISK: 70%
2025-04-09 11:59:42 [INFO] DISK: 66%
2025-04-09 11:59:43 [INFO] CPU: 65%
2025-04-09 11:59:44 [INFO] APP: 45%
2025-04-09 11:59:45 [INFO] DISK: 88%
2025-04-09 11:59:46 [WARNING] CPU: 68%
2025-04-09 11:59:47 [ERROR] DISK: 33%
2025-04-09 11:59:48 [INFO] CPU: 85%
2025-04-09 11:59:49 [INFO] MEMORY: 95%
2025-04-09 11:59:50 [INFO] DISK: 49%
2025-04-09 11:59:51 [INFO] CPU: 74%
2025-04-09 11:59:52 [ERROR] APP: 74%
2025-04-09 11:59:53 [ERROR] CPU: 95%
2025-04-09 11:59:54 [INFO] APP: 56%
2025-04-09 11:59:55 [WARNING] DISK: 99%
2025-04-09 11:59:56 [ERROR] CPU: 92%
2025-04-10 10:57:46 [WARNING] MEMORY: 38%
2025-04-10 10:57:47 [INFO] CPU: 65%
2025-04-10 10:57:48 [WARNING] DISK: 65%
2025-04-10 10:57:49 [WARNING] MEMORY: 69%
2025-04-10 10:57:50 [WARNING] MEMORY: 93%
2025-04-10 10:57:51 [INFO] MEMORY: 58%
2025-04-10 10:57:52 [INFO] MEMORY: 61%
2025-04-10 10:57:53 [INFO] CPU: 46%
2025-04-10 10:57:54 [INFO] CPU: 47%
2025-04-10 10:57:55 [INFO] CPU: 65%
2025-04-10 10:57:56 [WARNING] CPU: 54%
2025-04-10 10:57:57 [INFO] DISK: 87%
2025-04-10 10:57:58 [WARNING] DISK: 91%
2025-04-10 10:57:59 [ERROR] MEMORY: 61%
2025-04-10 10:58:00 [INFO] APP: 39%
2025-04-10 10:58:01 [INFO] MEMORY: 53%
2025-04-10 10:58:02 [INFO] CPU: 39%
2025-04-10 10:58:03 [INFO] APP: 38%
2025-04-10 10:58:04 [INFO] MEMORY: 62%
2025-04-10 10:58:05 [WARNING] DISK: 97%
2025-04-10 10:58:06 [INFO] APP: 94%
2025-04-10 10:58:07 [INFO] DISK: 65%
2025-04-10 10:58:08 [ERROR] DISK: 64%
2025-04-10 10:58:09 [INFO] DISK: 30%
2025-04-10 10:58:10 [INFO] APP: 41%
2025-04-10 10:58:11 [INFO] DISK: 74%
2025-04-10 10:58:12 [INFO] MEMORY: 100%
2025-04-10 10:58:13 [INFO] APP: 96%
2025-04-10 10:58:14 [WARNING] CPU: 81%
2025-04-10 10:58:15 [WARNING] MEMORY: 55%
2025-04-10 10:58:16 [WARNING] DISK: 51%
2025-04-10 10:58:17 [INFO] MEMORY: 56%
2025-04-10 10:58:18 [WARNING] DISK: 96%
2025-04-10 10:58:19 [INFO] DISK: 46%
2025-04-10 10:58:20 [WARNING] APP: 34%
2025-04-10 10:58:21 [INFO] DISK: 88%
2025-04-10 10:58:22 [INFO] CPU: 78%
2025-04-10 10:58:23 [INFO] MEMORY: 35%
2025-04-10 10:58:24 [INFO] DISK: 88%
2025-04-10 10:58:25 [ERROR] CPU: 96%
2025-04-10 10:58:26 [INFO] DISK: 46%
2025-04-10 10:58:27 [WARNING] CPU: 47%
2025-04-10 10:58:28 [INFO] CPU: 74%
2025-04-10 10:58:29 [INFO] MEMORY: 74%
2025-04-10 10:58:30 [WARNING] MEMORY: 30%
2025-04-10 10:58:31 [INFO] MEMORY: 43%
2025-04-10 10:58:32 [INFO] CPU: 38%
2025-04-10 10:58:33 [WARNING] APP: 50%
2025-04-10 10:58:34 [ERROR] CPU: 31%
2025-04-10 10:58:35 [WARNING] APP: 62%
2025-04-10 10:58:36 [INFO] APP: 60%
2025-04-10 10:58:37 [WARNING] DISK: 56%
2025-04-10 10:58:38 [INFO] APP: 75%
2025-04-10 10:58:39 [INFO] MEMORY: 84%
2025-04-10 10:58:40 [ERROR] CPU: 93%
2025-04-10 10:58:41 [WARNING] CPU: 35%
2025-04-10 10:58:42 [INFO] CPU: 35%
2025-04-10 10:58:43 [ERROR] CPU: 86%
2025-04-10 10:58:44 [WARNING] MEMORY: 40%
2025-04-10 10:58:45 [WARNING] APP: 99%
2025-04-10 10:58:46 [ERROR] DISK: 43%
2025-04-10 11:03:37 [WARNING] DISK: 30%
2025-04-10 11:03:38 [INFO] CPU: 57%
2025-04-10 11:03:39 [INFO] MEMORY: 88%
2025-04-10 11:03:40 [INFO] DISK: 44%
2025-04-10 11:03:41 [INFO] CPU: 81%
2025-04-10 11:03:42 [INFO] DISK: 43%
2025-04-10 11:03:43 [INFO] DISK: 58%
2025-04-10 11:03:44 [INFO] CPU: 72%
2025-04-10 11:03:45 [WARNING] APP: 42%
2025-04-10 11:03:47 [INFO] MEMORY: 30%
2025-04-10 11:03:48 [INFO] APP: 66%
2025-04-10 11:03:49 [INFO] MEMORY: 35%
2025-04-10 11:03:50 [INFO] MEMORY: 97%
2025-04-10 11:03:51 [INFO] APP: 98%
2025-04-10 11:03:52 [WARNING] MEMORY: 58%
2025-04-10 11:03:53 [INFO] DISK: 61%
2025-04-10 11:03:54 [INFO] DISK: 84%
2025-04-10 11:03:55 [ERROR] CPU: 92%
2025-04-10 11:03:56 [INFO] DISK: 50%
2025-04-10 11:03:57 [INFO] MEMORY: 35%
2025-04-10 11:03:58 [INFO] CPU: 75%
2025-04-10 11:03:59 [INFO] CPU: 66%
2025-04-10 11:04:00 [INFO] APP: 45%
2025-04-10 11:04:01 [INFO] DISK: 75%
2025-04-10 11:04:02 [INFO] APP: 66%
2025-04-10 11:04:03 [INFO] DISK: 74%
2025-04-10 11:04:04 [INFO] DISK: 58%
2025-04-10 11:04:05 [ERROR] CPU: 90%
2025-04-10 11:04:06 [ERROR] CPU: 98%
2025-04-10 11:04:07 [INFO] DISK: 46%
2025-04-10 11:04:08 [INFO] MEMORY: 31%
2025-04-10 11:04:09 [INFO] MEMORY: 88%
2025-04-10 11:04:10 [INFO] MEMORY: 97%
2025-04-10 11:04:11 [INFO] DISK: 74%
2025-04-10 11:04:12 [INFO] CPU: 82%
2025-04-10 11:04:13 [WARNING] DISK: 34%
2025-04-10 11:04:14 [WARNING] MEMORY: 61%
2025-04-10 11:04:15 [ERROR] APP: 97%
2025-04-10 11:04:16 [INFO] APP: 51%
2025-04-10 11:04:17 [WARNING] DISK: 30%
2025-04-10 11:04:18 [ERROR] CPU: 95%
2025-04-10 11:04:19 [WARNING] APP: 72%
2025-04-10 11:04:20 [WARNING] DISK: 62%
2025-04-10 11:04:21 [INFO] DISK: 33%
2025-04-10 11:04:22 [INFO] MEMORY: 63%
2025-04-10 11:04:23 [INFO] APP: 48%
2025-04-10 11:04:24 [INFO] MEMORY: 36%
2025-04-10 11:04:25 [INFO] DISK: 32%
2025-04-10 11:04:26 [ERROR] DISK: 52%
2025-04-10 11:04:27 [INFO] DISK: 80%
2025-04-10 11:04:28 [INFO] APP: 47%
2025-04-10 11:04:29 [INFO] MEMORY: 45%
2025-04-10 11:04:30 [INFO] APP: 33%
2025-04-10 11:04:31 [ERROR] CPU: 72%
2025-04-10 11:04:32 [INFO] MEMORY: 54%
2025-04-10 11:04:33 [INFO] APP: 48%
2025-04-10 11:04:34 [INFO] DISK: 79%
2025-04-10 11:04:35 [INFO] MEMORY: 83%
2025-04-10 11:04:36 [WARNING] MEMORY: 60%
2025-04-10 11:04:37 [INFO] APP: 48%
2025-04-10 11:04:38 [WARNING] MEMORY: 100%
2025-04-10 11:04:39 [INFO] DISK: 37%
2025-04-10 11:04:40 [INFO] MEMORY: 70%
2025-04-10 11:04:41 [INFO] CPU: 74%
2025-04-10 11:04:42 [INFO] CPU: 30%
2025-04-10 11:04:43 [INFO] MEMORY: 53%
2025-04-10 11:06:19 [INFO] APP: 30%
2025-04-10 11:06:20 [INFO] DISK: 33%
2025-04-10 11:06:21 [INFO] APP: 75%
2025-04-10 11:06:22 [WARNING] MEMORY: 83%
2025-04-10 11:06:23 [INFO] MEMORY: 62%
2025-04-10 11:06:24 [INFO] MEMORY: 33%
2025-04-10 11:06:25 [ERROR] DISK: 58%
2025-04-10 11:06:26 [ERROR] CPU: 94%
2025-04-10 11:06:27 [INFO] APP: 71%
2025-04-10 11:06:28 [INFO] DISK: 65%
2025-04-10 11:06:29 [INFO] CPU: 45%
2025-04-10 11:06:30 [INFO] CPU: 73%
2025-04-10 11:06:31 [WARNING] APP: 87%
2025-04-10 11:06:32 [ERROR] CPU: 93%
2025-04-10 11:06:33 [INFO] CPU: 76%
2025-04-10 11:06:34 [WARNING] DISK: 78%
2025-04-10 11:06:35 [INFO] CPU: 47%
2025-04-10 11:06:36 [INFO] DISK: 60%
2025-04-10 11:06:37 [WARNING] MEMORY: 90%
2025-04-10 11:06:38 [INFO] MEMORY: 42%
2025-04-10 11:06:39 [INFO] MEMORY: 93%
2025-04-10 11:06:40 [ERROR] CPU: 94%
2025-04-10 11:06:41 [INFO] CPU: 40%
2025-04-10 11:06:46 [INFO] CPU: 50%
2025-04-10 11:06:47 [INFO] CPU: 48%
2025-04-10 11:06:48 [INFO] APP: 32%
2025-04-10 11:06:49 [INFO] APP: 34%
2025-04-10 11:06:52 [WARNING] APP: 34%
2025-04-10 11:06:53 [ERROR] CPU: 87%
2025-04-10 11:06:54 [WARNING] MEMORY: 55%
2025-04-10 11:06:55 [INFO] CPU: 67%
2025-04-10 11:06:56 [INFO] DISK: 87%
2025-04-10 11:06:57 [WARNING] DISK: 68%
2025-04-10 11:06:58 [INFO] DISK: 66%
2025-04-10 11:06:59 [INFO] MEMORY: 69%
2025-04-10 11:07:00 [INFO] APP: 40%
2025-04-10 11:07:01 [WARNING] APP: 83%
2025-04-10 11:07:02 [ERROR] APP: 76%
2025-04-10 11:07:03 [ERROR] CPU: 59%
2025-04-10 11:07:04 [INFO] CPU: 81%
2025-04-10 11:07:05 [WARNING] APP: 77%
2025-04-10 11:07:06 [INFO] MEMORY: 59%
2025-04-10 11:07:07 [WARNING] MEMORY: 51%
2025-04-10 11:07:08 [WARNING] DISK: 34%
2025-04-10 11:07:09 [ERROR] APP: 84%
2025-04-10 11:07:10 [INFO] CPU: 60%
2025-04-10 11:07:11 [ERROR] DISK: 69%
2025-04-10 11:07:12 [INFO] CPU: 66%
2025-04-10 11:07:13 [ERROR] APP: 54%
2025-04-10 11:07:14 [INFO] MEMORY: 51%
2025-04-10 11:07:15 [INFO] APP: 44%
2025-04-10 11:07:16 [INFO] CPU: 71%
2025-04-10 11:07:17 [WARNING] CPU: 38%
2025-04-10 11:07:18 [WARNING] CPU: 64%
2025-04-10 11:07:19 [INFO] MEMORY: 60%
2025-04-10 11:07:20 [WARNING] DISK: 90%
2025-04-10 11:07:21 [INFO] DISK: 63%
2025-04-10 11:07:22 [WARNING] DISK: 42%
2025-04-10 11:07:23 [INFO] APP: 40%
2025-04-10 11:07:24 [INFO] CPU: 76%
2025-04-10 11:07:25 [INFO] MEMORY: 55%
2025-04-10 11:07:26 [INFO] APP: 55%
2025-04-10 11:07:27 [INFO] CPU: 46%
2025-04-10 11:07:28 [WARNING] MEMORY: 52%
2025-04-10 11:07:29 [WARNING] APP: 59%
2025-04-10 11:07:30 [WARNING] MEMORY: 100%
2025-04-10 11:07:31 [ERROR] CPU: 68%
2025-04-10 11:07:32 [INFO] MEMORY: 69%
2025-04-10 11:07:33 [INFO] DISK: 53%
2025-04-10 11:07:34 [ERROR] DISK: 31%
2025-04-10 11:07:35 [ERROR] DISK: 47%
2025-04-10 11:07:36 [INFO] APP: 89%
2025-04-10 11:07:37 [ERROR] APP: 71%
2025-04-10 11:07:38 [ERROR] DISK: 47%
2025-04-10 11:07:39 [INFO] CPU: 77%
2025-04-10 11:07:40 [INFO] CPU: 62%
2025-04-10 11:07:41 [WARNING] MEMORY: 73%
2025-04-10 11:07:42 [INFO] MEMORY: 71%
2025-04-10 11:07:43 [INFO] CPU: 31%
2025-04-10 11:07:44 [INFO] DISK: 60%
2025-04-10 11:07:45 [WARNING] DISK: 97%
2025-04-10 11:07:46 [INFO] APP: 44%
2025-04-10 11:07:47 [INFO] APP: 75%
2025-04-10 11:07:48 [INFO] CPU: 45%
2025-04-10 11:07:50 [WARNING] DISK: 34%
2025-04-10 11:07:51 [INFO] DISK: 51%
2025-04-10 11:07:52 [ERROR] CPU: 51%
2025-04-10 11:07:53 [ERROR] CPU: 90%
2025-04-10 11:07:54 [ERROR] APP: 47%
2025-04-10 11:07:55 [INFO] MEMORY: 75%
2025-04-10 11:07:56 [INFO] DISK: 47%
2025-04-10 11:07:57 [INFO] CPU: 35%
2025-04-10 11:07:58 [INFO] DISK: 52%
2025-04-10 11:08:36 [INFO] DISK: 52%
2025-04-10 11:08:38 [ERROR] CPU: 34%
2025-04-10 11:08:39 [ERROR] DISK: 30%
2025-04-10 11:08:40 [INFO] DISK: 49%
2025-04-10 11:08:41 [ERROR] DISK: 73%
2025-04-10 11:08:42 [INFO] CPU: 83%
2025-04-10 11:08:43 [INFO] APP: 42%
2025-04-10 11:08:44 [INFO] DISK: 63%
2025-04-10 11:08:45 [INFO] MEMORY: 65%
2025-04-10 11:08:46 [WARNING] APP: 84%
2025-04-10 11:08:47 [INFO] CPU: 61%
2025-04-10 11:08:48 [WARNING] APP: 88%
2025-04-10 11:08:49 [WARNING] MEMORY: 30%
2025-04-10 11:08:50 [WARNING] MEMORY: 75%
2025-04-10 11:08:51 [WARNING] CPU: 68%
2025-04-10 11:08:52 [INFO] DISK: 78%
2025-04-10 11:08:53 [WARNING] CPU: 55%
2025-04-10 11:08:54 [INFO] CPU: 77%
2025-04-10 11:08:55 [INFO] MEMORY: 79%
2025-04-10 11:08:56 [INFO] APP: 97%
2025-04-10 11:08:57 [INFO] DISK: 61%
2025-04-10 11:08:58 [INFO] APP: 98%
2025-04-10 11:08:59 [INFO] MEMORY: 40%
2025-04-10 11:09:00 [INFO] APP: 61%
2025-04-10 11:09:01 [INFO] DISK: 33%
2025-04-10 11:09:02 [WARNING] MEMORY: 87%
2025-04-10 11:09:03 [WARNING] DISK: 73%
2025-04-10 11:09:04 [INFO] MEMORY: 30%
2025-04-10 11:09:05 [INFO] MEMORY: 78%
2025-04-10 11:09:06 [INFO] APP: 64%
2025-04-10 11:09:07 [INFO] MEMORY: 93%
2025-04-10 11:09:08 [INFO] APP: 76%
2025-04-10 11:09:09 [INFO] APP: 96%
2025-04-10 11:09:10 [INFO] MEMORY: 78%
2025-04-10 11:09:11 [INFO] CPU: 56%
2025-04-10 11:09:12 [ERROR] DISK: 61%
2025-04-10 11:09:13 [WARNING] MEMORY: 83%
2025-04-10 11:09:14 [ERROR] DISK: 47%
2025-04-10 11:09:15 [WARNING] CPU: 62%
2025-04-10 11:09:16 [WARNING] APP: 86%
2025-04-10 11:09:17 [WARNING] DISK: 96%
2025-04-10 11:09:18 [INFO] MEMORY: 50%
2025-04-10 11:09:19 [WARNING] CPU: 68%
2025-04-10 11:09:20 [INFO] APP: 32%
2025-04-10 11:09:21 [INFO] MEMORY: 47%
2025-04-10 11:09:22 [ERROR] MEMORY: 46%
2025-04-10 11:09:23 [INFO] APP: 50%
2025-04-10 11:09:24 [WARNING] MEMORY: 48%
2025-04-10 11:09:25 [INFO] CPU: 60%
2025-04-10 11:09:26 [INFO] DISK: 41%
2025-04-10 11:09:27 [INFO] CPU: 43%
2025-04-10 11:09:28 [INFO] APP: 82%
2025-04-10 11:09:29 [INFO] APP: 84%
2025-04-10 11:09:30 [INFO] DISK: 82%
2025-04-10 11:09:31 [INFO] CPU: 82%
2025-04-10 11:09:32 [INFO] CPU: 30%
2025-04-10 11:09:33 [ERROR] APP: 33%
2025-04-10 11:09:34 [INFO] MEMORY: 71%
2025-04-10 11:09:35 [ERROR] DISK: 78%
2025-04-10 11:09:36 [INFO] DISK: 51%
2025-04-10 11:09:37 [ERROR] DISK: 47%
2025-04-10 11:09:38 [INFO] CPU: 66%
2025-04-10 11:09:39 [WARNING] MEMORY: 36%
2025-04-10 11:09:40 [INFO] APP: 52%
2025-04-10 11:09:41 [INFO] CPU: 74%
2025-04-10 11:09:42 [INFO] MEMORY: 65%
2025-04-10 11:16:13 [INFO] CPU: 30%
2025-04-10 11:16:14 [INFO] MEMORY: 31%
2025-04-10 11:16:15 [INFO] APP: 54%
2025-04-10 11:16:16 [ERROR] MEMORY: 86%
2025-04-10 11:16:17 [WARNING] DISK: 93%
2025-04-10 11:16:18 [INFO] APP: 75%
2025-04-10 11:16:19 [INFO] APP: 82%
2025-04-10 11:16:20 [INFO] DISK: 59%
2025-04-10 11:16:21 [INFO] CPU: 47%
2025-04-10 11:16:22 [INFO] MEMORY: 51%
2025-04-10 11:16:23 [INFO] APP: 58%
2025-04-10 11:16:24 [ERROR] DISK: 74%
2025-04-10 11:16:25 [ERROR] DISK: 34%
2025-04-10 11:16:26 [INFO] CPU: 42%
2025-04-10 11:16:27 [WARNING] APP: 76%
2025-04-10 11:16:28 [ERROR] APP: 70%
2025-04-10 11:16:29 [ERROR] CPU: 79%
2025-04-10 11:16:30 [INFO] CPU: 31%
2025-04-10 11:16:31 [INFO] CPU: 64%
2025-04-10 11:16:32 [INFO] MEMORY: 41%
2025-04-10 11:16:33 [INFO] APP: 41%
2025-04-10 11:16:34 [WARNING] DISK: 88%
2025-04-10 11:16:35 [WARNING] DISK: 30%
2025-04-10 11:16:36 [INFO] MEMORY: 74%
2025-04-10 11:16:37 [WARNING] DISK: 38%
2025-04-10 11:16:38 [ERROR] APP: 38%
2025-04-10 11:16:39 [INFO] CPU: 41%
2025-04-10 11:16:40 [INFO] APP: 37%
2025-04-10 11:16:41 [WARNING] APP: 91%
2025-04-10 11:16:42 [INFO] DISK: 31%
2025-04-10 11:16:43 [INFO] APP: 42%
2025-04-10 11:16:44 [INFO] CPU: 40%
2025-04-10 11:16:45 [INFO] APP: 66%
2025-04-10 11:16:46 [INFO] DISK: 78%
2025-04-10 11:16:47 [INFO] APP: 83%
2025-04-10 11:16:48 [ERROR] CPU: 46%
2025-04-10 11:16:49 [INFO] APP: 37%
2025-04-10 11:16:50 [ERROR] APP: 39%
2025-04-10 11:16:51 [WARNING] CPU: 41%
2025-04-10 11:16:52 [ERROR] APP: 34%
2025-04-10 11:16:53 [WARNING] DISK: 82%
2025-04-10 11:16:54 [INFO] CPU: 31%
2025-04-10 11:16:55 [INFO] APP: 67%
2025-04-10 11:16:56 [ERROR] CPU: 92%
2025-04-10 11:16:57 [INFO] CPU: 46%
2025-04-10 11:16:58 [WARNING] CPU: 60%
2025-04-10 11:16:59 [INFO] DISK: 75%
2025-04-10 11:17:00 [INFO] APP: 57%
2025-04-10 11:17:01 [INFO] MEMORY: 92%
2025-04-10 11:17:02 [INFO] DISK: 50%
2025-04-10 11:17:03 [INFO] CPU: 47%
2025-04-10 11:17:04 [WARNING] DISK: 48%
2025-04-10 11:17:05 [WARNING] APP: 96%
2025-04-10 11:17:06 [INFO] DISK: 54%
2025-04-10 11:17:07 [ERROR] CPU: 86%
2025-04-10 11:17:08 [INFO] MEMORY: 79%
2025-04-10 11:17:09 [INFO] DISK: 53%
2025-04-10 11:17:10 [INFO] MEMORY: 77%
2025-04-10 11:17:11 [INFO] CPU: 60%
2025-04-10 11:17:12 [INFO] DISK: 51%
2025-04-10 11:17:13 [INFO] CPU: 61%
2025-04-10 11:17:15 [ERROR] CPU: 99%
2025-04-10 11:17:16 [ERROR] DISK: 59%
2025-04-10 11:17:17 [ERROR] CPU: 86%
2025-04-10 11:17:18 [INFO] CPU: 41%
2025-04-10 11:17:19 [ERROR] MEMORY: 34%
2025-04-10 11:25:11 [INFO] MEMORY: 96%
2025-04-10 11:25:53 [INFO] CPU: 52%
2025-04-10 11:25:54 [INFO] DISK: 72%
2025-04-10 11:25:55 [WARNING] APP: 89%
2025-04-10 11:25:56 [INFO] CPU: 37%
2025-04-10 11:25:57 [INFO] MEMORY: 71%
2025-04-10 11:25:58 [WARNING] CPU: 32%
2025-04-10 11:25:59 [INFO] APP: 86%
2025-04-10 11:26:00 [ERROR] CPU: 78%
2025-04-10 11:26:01 [INFO] DISK: 57%
2025-04-10 11:26:02 [WARNING] CPU: 53%
2025-04-10 11:26:03 [INFO] APP: 84%
2025-04-10 11:26:04 [ERROR] DISK: 64%
2025-04-10 11:26:05 [INFO] DISK: 41%
2025-04-10 11:26:06 [ERROR] CPU: 46%
2025-04-10 11:26:07 [INFO] CPU: 72%
2025-04-10 11:26:08 [WARNING] MEMORY: 96%
2025-04-10 11:26:09 [INFO] CPU: 48%
2025-04-10 11:26:10 [INFO] MEMORY: 85%
2025-04-10 11:26:11 [ERROR] DISK: 64%
2025-04-10 11:26:12 [WARNING] APP: 100%
2025-04-10 11:26:13 [INFO] APP: 99%
2025-04-10 11:26:14 [WARNING] MEMORY: 43%
2025-04-10 11:26:15 [ERROR] MEMORY: 92%
2025-04-10 11:26:16 [WARNING] DISK: 77%
2025-04-10 11:26:17 [INFO] CPU: 73%
2025-04-10 11:26:18 [INFO] CPU: 49%
2025-04-10 11:26:19 [INFO] CPU: 83%
2025-04-10 11:26:20 [WARNING] DISK: 100%
2025-04-10 11:26:21 [INFO] CPU: 66%
2025-04-10 11:26:22 [INFO] MEMORY: 44%
2025-04-10 11:26:23 [WARNING] APP: 33%
2025-04-10 11:26:24 [INFO] DISK: 68%
2025-04-10 11:26:25 [WARNING] MEMORY: 46%
2025-04-10 11:26:26 [INFO] CPU: 62%
2025-04-10 11:26:27 [INFO] APP: 63%
2025-04-10 11:26:28 [INFO] MEMORY: 30%
2025-04-10 11:26:29 [ERROR] APP: 45%
2025-04-10 11:26:30 [ERROR] DISK: 41%
2025-04-10 11:26:31 [ERROR] DISK: 68%
2025-04-10 11:26:32 [INFO] APP: 72%
2025-04-10 11:26:33 [WARNING] DISK: 37%
2025-04-10 11:26:34 [INFO] DISK: 90%
2025-04-10 11:26:35 [WARNING] DISK: 90%
2025-04-10 11:26:36 [INFO] DISK: 77%
2025-04-10 11:26:37 [INFO] CPU: 70%
2025-04-10 11:26:38 [INFO] MEMORY: 72%
2025-04-10 11:26:39 [INFO] CPU: 66%
2025-04-10 11:26:40 [INFO] MEMORY: 88%
2025-04-10 11:26:41 [INFO] MEMORY: 68%
2025-04-10 11:26:42 [INFO] MEMORY: 39%
2025-04-10 11:26:43 [INFO] DISK: 42%
2025-04-10 11:26:44 [WARNING] APP: 37%
2025-04-10 11:26:45 [WARNING] DISK: 80%
2025-04-10 11:26:46 [WARNING] DISK: 40%
2025-04-10 11:26:47 [WARNING] CPU: 80%
2025-04-10 11:26:48 [INFO] MEMORY: 86%
2025-04-10 11:26:49 [INFO] MEMORY: 62%
2025-04-10 11:26:50 [INFO] APP: 58%
2025-04-10 11:26:51 [INFO] DISK: 50%
2025-04-10 11:26:52 [INFO] APP: 69%
2025-04-10 11:26:53 [INFO] MEMORY: 78%
2025-04-10 11:26:54 [INFO] MEMORY: 33%
2025-04-10 11:26:55 [INFO] APP: 54%
2025-04-10 11:26:56 [WARNING] CPU: 67%
2025-04-10 11:26:57 [ERROR] CPU: 91%
2025-04-10 11:26:58 [INFO] APP: 43%
2025-04-10 11:32:17 [INFO] MEMORY: 100%
2025-04-10 11:32:18 [WARNING] DISK: 60%
2025-04-10 11:32:19 [ERROR] CPU: 100%
2025-04-10 11:32:20 [ERROR] MEMORY: 49%
2025-04-10 11:32:21 [INFO] DISK: 90%
2025-04-10 11:32:22 [INFO] CPU: 65%
2025-04-10 11:32:23 [WARNING] DISK: 33%
2025-04-10 11:32:24 [INFO] APP: 78%
2025-04-10 11:32:25 [INFO] MEMORY: 32%
2025-04-10 11:32:26 [INFO] APP: 46%
2025-04-10 11:32:27 [INFO] CPU: 38%
2025-04-10 11:32:29 [INFO] CPU: 72%
2025-04-10 11:32:30 [INFO] DISK: 79%
2025-04-10 11:32:31 [ERROR] CPU: 97%
2025-04-10 11:32:32 [INFO] DISK: 38%
2025-04-10 11:32:33 [INFO] MEMORY: 91%
2025-04-10 11:32:34 [ERROR] APP: 79%
2025-04-10 11:32:35 [INFO] DISK: 53%
2025-04-10 11:32:36 [INFO] CPU: 55%
2025-04-10 11:32:37 [INFO] DISK: 76%
2025-04-10 11:32:38 [INFO] MEMORY: 86%
2025-04-10 11:32:39 [WARNING] CPU: 31%
2025-04-10 11:32:40 [INFO] APP: 99%
2025-04-10 11:32:41 [INFO] APP: 99%
2025-04-10 11:32:42 [INFO] MEMORY: 46%
2025-04-10 11:32:43 [INFO] MEMORY: 84%
2025-04-10 11:32:44 [INFO] APP: 76%
2025-04-10 11:32:45 [WARNING] APP: 98%
2025-04-10 11:32:46 [ERROR] CPU: 71%
2025-04-10 11:32:47 [INFO] MEMORY: 35%
2025-04-10 11:32:48 [INFO] MEMORY: 84%
2025-04-10 11:32:49 [INFO] MEMORY: 90%
2025-04-10 11:32:50 [INFO] MEMORY: 52%
2025-04-10 11:32:51 [INFO] CPU: 65%
2025-04-10 11:32:52 [INFO] DISK: 63%
2025-04-10 11:32:53 [INFO] MEMORY: 82%
2025-04-10 11:32:54 [ERROR] MEMORY: 59%
2025-04-10 11:32:55 [INFO] APP: 96%
2025-04-10 11:32:56 [INFO] CPU: 47%
2025-04-10 11:32:57 [INFO] APP: 86%
2025-04-10 11:32:58 [INFO] APP: 53%
2025-04-10 11:32:59 [INFO] CPU: 84%
2025-04-10 11:33:00 [ERROR] MEMORY: 43%
2025-04-10 11:33:01 [INFO] DISK: 46%
2025-04-10 11:33:02 [INFO] APP: 80%
2025-04-10 11:33:03 [INFO] MEMORY: 74%
2025-04-10 11:33:04 [WARNING] APP: 76%
2025-04-10 11:33:05 [INFO] APP: 72%
2025-04-10 11:33:06 [INFO] MEMORY: 74%
2025-04-10 11:33:07 [ERROR] CPU: 31%
2025-04-10 11:33:08 [ERROR] DISK: 51%
2025-04-10 11:33:09 [INFO] CPU: 43%
2025-04-10 11:33:10 [INFO] CPU: 53%
2025-04-10 11:33:11 [ERROR] MEMORY: 89%
2025-04-10 11:33:12 [INFO] DISK: 82%
2025-04-10 11:33:13 [ERROR] CPU: 99%
2025-04-10 11:33:14 [INFO] CPU: 84%
2025-04-10 11:33:15 [ERROR] CPU: 92%
2025-04-10 11:33:16 [INFO] DISK: 49%
2025-04-10 11:33:17 [WARNING] DISK: 98%
2025-04-10 11:33:18 [WARNING] DISK: 98%
2025-04-10 11:33:19 [INFO] APP: 85%
2025-04-10 11:33:20 [INFO] DISK: 46%
2025-04-10 11:33:21 [INFO] APP: 94%
2025-04-10 11:33:22 [INFO] DISK: 76%
2025-04-10 11:33:23 [INFO] APP: 72%
2025-04-10 11:33:24 [INFO] CPU: 51%
